# JRE version: OpenJDK Runtime Environment (8.0_252-b09) (build 1.8.0_252-8u252-b09-1~18.04-b09)
# Java VM: OpenJDK 64-Bit Server VM (25.252-b09 mixed mode linux-amd64 compressed oops)
Heap:
 PSYoungGen      total 153600K, used 139006K [0x00000000eab00000, 0x00000000f4e00000, 0x0000000100000000)
  eden space 144896K, 89% used [0x00000000eab00000,0x00000000f2a477c8,0x00000000f3880000)
  from space 8704K, 99% used [0x00000000f4580000,0x00000000f4df8110,0x00000000f4e00000)
  to   space 10240K, 0% used [0x00000000f3a00000,0x00000000f3a00000,0x00000000f4400000)
 ParOldGen       total 47616K, used 10863K [0x00000000c0000000, 0x00000000c2e80000, 0x00000000eab00000)
  object space 47616K, 22% used [0x00000000c0000000,0x00000000c0a9bed8,0x00000000c2e80000)
 Metaspace       used 52625K, capacity 55464K, committed 55552K, reserved 1097728K
  class space    used 6906K, capacity 7160K, committed 7168K, reserved 1048576K
GC Heap History (10 events):
Event: 4.841 GC heap before
{Heap before GC invocations=10 (full 1):
 PSYoungGen      total 81408K, used 76288K [0x00000000eab00000, 0x00000000f0100000, 0x0000000100000000)
  eden space 76288K, 100% used [0x00000000eab00000,0x00000000ef580000,0x00000000ef580000)
  from space 5120K, 0% used [0x00000000efb00000,0x00000000efb00000,0x00000000f0000000)
  to   space 5632K, 0% used [0x00000000ef580000,0x00000000ef580000,0x00000000efb00000)
 ParOldGen       total 33792K, used 4563K [0x00000000c0000000, 0x00000000c2100000, 0x00000000eab00000)
  object space 33792K, 13% used [0x00000000c0000000,0x00000000c0474cc8,0x00000000c2100000)
 Metaspace       used 24980K, capacity 26276K, committed 26368K, reserved 1073152K
  class space    used 3407K, capacity 3561K, committed 3584K, reserved 1048576K
Event: 4.848 GC heap after
Heap after GC invocations=10 (full 1):
 PSYoungGen      total 81920K, used 5426K [0x00000000eab00000, 0x00000000f1c00000, 0x0000000100000000)
  eden space 76288K, 0% used [0x00000000eab00000,0x00000000eab00000,0x00000000ef580000)
  from space 5632K, 96% used [0x00000000ef580000,0x00000000efacca78,0x00000000efb00000)
  to   space 6144K, 0% used [0x00000000f1600000,0x00000000f1600000,0x00000000f1c00000)
 ParOldGen       total 33792K, used 4571K [0x00000000c0000000, 0x00000000c2100000, 0x00000000eab00000)
  object space 33792K, 13% used [0x00000000c0000000,0x00000000c0476cc8,0x00000000c2100000)
 Metaspace       used 24980K, capacity 26276K, committed 26368K, reserved 1073152K
  class space    used 3407K, capacity 3561K, committed 3584K, reserved 1048576K
}
Event: 6.070 GC heap before
{Heap before GC invocations=11 (full 1):
 PSYoungGen      total 81920K, used 81714K [0x00000000eab00000, 0x00000000f1c00000, 0x0000000100000000)
  eden space 76288K, 100% used [0x00000000eab00000,0x00000000ef580000,0x00000000ef580000)
  from space 5632K, 96% used [0x00000000ef580000,0x00000000efacca78,0x00000000efb00000)
  to   space 6144K, 0% used [0x00000000f1600000,0x00000000f1600000,0x00000000f1c00000)
 ParOldGen       total 33792K, used 4571K [0x00000000c0000000, 0x00000000c2100000, 0x00000000eab00000)
  object space 33792K, 13% used [0x00000000c0000000,0x00000000c0476cc8,0x00000000c2100000)
 Metaspace       used 33244K, capacity 35008K, committed 35328K, reserved 1079296K
  class space    used 4524K, capacity 4740K, committed 4864K, reserved 1048576K
Event: 6.080 GC heap after
Heap after GC invocations=11 (full 1):
 PSYoungGen      total 107520K, used 6121K [0x00000000eab00000, 0x00000000f1e80000, 0x0000000100000000)
  eden space 101376K, 0% used [0x00000000eab00000,0x00000000eab00000,0x00000000f0e00000)
  from space 6144K, 99% used [0x00000000f1600000,0x00000000f1bfa6c0,0x00000000f1c00000)
  to   space 8192K, 0% used [0x00000000f0e00000,0x00000000f0e00000,0x00000000f1600000)
 ParOldGen       total 33792K, used 8165K [0x00000000c0000000, 0x00000000c2100000, 0x00000000eab00000)
  object space 33792K, 24% used [0x00000000c0000000,0x00000000c07f97a8,0x00000000c2100000)
 Metaspace       used 33244K, capacity 35008K, committed 35328K, reserved 1079296K
  class space    used 4524K, capacity 4740K, committed 4864K, reserved 1048576K
}
Event: 6.179 GC heap before
{Heap before GC invocations=12 (full 1):
 PSYoungGen      total 107520K, used 18130K [0x00000000eab00000, 0x00000000f1e80000, 0x0000000100000000)
  eden space 101376K, 11% used [0x00000000eab00000,0x00000000eb6ba278,0x00000000f0e00000)
  from space 6144K, 99% used [0x00000000f1600000,0x00000000f1bfa6c0,0x00000000f1c00000)
  to   space 8192K, 0% used [0x00000000f0e00000,0x00000000f0e00000,0x00000000f1600000)
 ParOldGen       total 33792K, used 8165K [0x00000000c0000000, 0x00000000c2100000, 0x00000000eab00000)
  object space 33792K, 24% used [0x00000000c0000000,0x00000000c07f97a8,0x00000000c2100000)
 Metaspace       used 33514K, capacity 35392K, committed 35496K, reserved 1079296K
  class space    used 4562K, capacity 4774K, committed 4864K, reserved 1048576K
Event: 6.193 GC heap after
Heap after GC invocations=12 (full 1):
 PSYoungGen      total 109568K, used 650K [0x00000000eab00000, 0x00000000f4e00000, 0x0000000100000000)
  eden space 101376K, 0% used [0x00000000eab00000,0x00000000eab00000,0x00000000f0e00000)
  from space 8192K, 7% used [0x00000000f0e00000,0x00000000f0ea2908,0x00000000f1600000)
  to   space 8704K, 0% used [0x00000000f4580000,0x00000000f4580000,0x00000000f4e00000)
 ParOldGen       total 33792K, used 12652K [0x00000000c0000000, 0x00000000c2100000, 0x00000000eab00000)
  object space 33792K, 37% used [0x00000000c0000000,0x00000000c0c5b220,0x00000000c2100000)
 Metaspace       used 33514K, capacity 35392K, committed 35496K, reserved 1079296K
  class space    used 4562K, capacity 4774K, committed 4864K, reserved 1048576K
}
Event: 6.193 GC heap before
{Heap before GC invocations=13 (full 2):
 PSYoungGen      total 109568K, used 650K [0x00000000eab00000, 0x00000000f4e00000, 0x0000000100000000)
  eden space 101376K, 0% used [0x00000000eab00000,0x00000000eab00000,0x00000000f0e00000)
  from space 8192K, 7% used [0x00000000f0e00000,0x00000000f0ea2908,0x00000000f1600000)
  to   space 8704K, 0% used [0x00000000f4580000,0x00000000f4580000,0x00000000f4e00000)
 ParOldGen       total 33792K, used 12652K [0x00000000c0000000, 0x00000000c2100000, 0x00000000eab00000)
  object space 33792K, 37% used [0x00000000c0000000,0x00000000c0c5b220,0x00000000c2100000)
 Metaspace       used 33514K, capacity 35392K, committed 35496K, reserved 1079296K
  class space    used 4562K, capacity 4774K, committed 4864K, reserved 1048576K
Event: 6.235 GC heap after
Heap after GC invocations=13 (full 2):
 PSYoungGen      total 109568K, used 0K [0x00000000eab00000, 0x00000000f4e00000, 0x0000000100000000)
  eden space 101376K, 0% used [0x00000000eab00000,0x00000000eab00000,0x00000000f0e00000)
  from space 8192K, 0% used [0x00000000f0e00000,0x00000000f0e00000,0x00000000f1600000)
  to   space 8704K, 0% used [0x00000000f4580000,0x00000000f4580000,0x00000000f4e00000)
 ParOldGen       total 47616K, used 9311K [0x00000000c0000000, 0x00000000c2e80000, 0x00000000eab00000)
  object space 47616K, 19% used [0x00000000c0000000,0x00000000c0917d60,0x00000000c2e80000)
 Metaspace       used 33514K, capacity 35392K, committed 35496K, reserved 1079296K
  class space    used 4562K, capacity 4774K, committed 4864K, reserved 1048576K
}
Event: 7.772 GC heap before
{Heap before GC invocations=14 (full 2):
 PSYoungGen      total 109568K, used 101376K [0x00000000eab00000, 0x00000000f4e00000, 0x0000000100000000)
  eden space 101376K, 100% used [0x00000000eab00000,0x00000000f0e00000,0x00000000f0e00000)
  from space 8192K, 0% used [0x00000000f0e00000,0x00000000f0e00000,0x00000000f1600000)
  to   space 8704K, 0% used [0x00000000f4580000,0x00000000f4580000,0x00000000f4e00000)
 ParOldGen       total 47616K, used 9311K [0x00000000c0000000, 0x00000000c2e80000, 0x00000000eab00000)
  object space 47616K, 19% used [0x00000000c0000000,0x00000000c0917d60,0x00000000c2e80000)
 Metaspace       used 43654K, capacity 46132K, committed 46208K, reserved 1089536K
  class space    used 5760K, capacity 5967K, committed 6016K, reserved 1048576K
Event: 7.787 GC heap after
Heap after GC invocations=14 (full 2):
 PSYoungGen      total 153600K, used 8672K [0x00000000eab00000, 0x00000000f4e00000, 0x0000000100000000)
  eden space 144896K, 0% used [0x00000000eab00000,0x00000000eab00000,0x00000000f3880000)
  from space 8704K, 99% used [0x00000000f4580000,0x00000000f4df8110,0x00000000f4e00000)
  to   space 10240K, 0% used [0x00000000f3a00000,0x00000000f3a00000,0x00000000f4400000)
 ParOldGen       total 47616K, used 10863K [0x00000000c0000000, 0x00000000c2e80000, 0x00000000eab00000)
  object space 47616K, 22% used [0x00000000c0000000,0x00000000c0a9bed8,0x00000000c2e80000)
 Metaspace       used 43654K, capacity 46132K, committed 46208K, reserved 1089536K
  class space    used 5760K, capacity 5967K, committed 6016K, reserved 1048576K
}

