# JRE version: OpenJDK Runtime Environment (8.0_252-b09) (build 1.8.0_252-8u252-b09-1~18.04-b09)
# Java VM: OpenJDK 64-Bit Server VM (25.252-b09 mixed mode linux-amd64 compressed oops)
Heap:
 PSYoungGen      total 61440K, used 96K [0x00000000eab00000, 0x00000000f2800000, 0x0000000100000000)
  eden space 60928K, 0% used [0x00000000eab00000,0x00000000eab00000,0x00000000ee680000)
  from space 512K, 18% used [0x00000000f2780000,0x00000000f2798000,0x00000000f2800000)
  to   space 512K, 0% used [0x00000000f2700000,0x00000000f2700000,0x00000000f2780000)
 ParOldGen       total 427008K, used 282096K [0x00000000c0000000, 0x00000000da100000, 0x00000000eab00000)
  object space 427008K, 66% used [0x00000000c0000000,0x00000000d137c0e0,0x00000000da100000)
 Metaspace       used 107895K, capacity 108702K, committed 110296K, reserved 1144832K
  class space    used 14910K, capacity 15057K, committed 15320K, reserved 1048576K
GC Heap History (10 events):
Event: 10816.676 GC heap after
Heap after GC invocations=484 (full 10):
 PSYoungGen      total 62976K, used 96K [0x00000000eab00000, 0x00000000f2800000, 0x0000000100000000)
  eden space 62464K, 0% used [0x00000000eab00000,0x00000000eab00000,0x00000000ee800000)
  from space 512K, 18% used [0x00000000f2780000,0x00000000f2798000,0x00000000f2800000)
  to   space 512K, 0% used [0x00000000f2700000,0x00000000f2700000,0x00000000f2780000)
 ParOldGen       total 427008K, used 282032K [0x00000000c0000000, 0x00000000da100000, 0x00000000eab00000)
  object space 427008K, 66% used [0x00000000c0000000,0x00000000d136c0e0,0x00000000da100000)
 Metaspace       used 107895K, capacity 108702K, committed 110296K, reserved 1144832K
  class space    used 14910K, capacity 15057K, committed 15320K, reserved 1048576K
}
Event: 10831.080 GC heap before
{Heap before GC invocations=485 (full 10):
 PSYoungGen      total 62976K, used 62560K [0x00000000eab00000, 0x00000000f2800000, 0x0000000100000000)
  eden space 62464K, 100% used [0x00000000eab00000,0x00000000ee800000,0x00000000ee800000)
  from space 512K, 18% used [0x00000000f2780000,0x00000000f2798000,0x00000000f2800000)
  to   space 512K, 0% used [0x00000000f2700000,0x00000000f2700000,0x00000000f2780000)
 ParOldGen       total 427008K, used 282032K [0x00000000c0000000, 0x00000000da100000, 0x00000000eab00000)
  object space 427008K, 66% used [0x00000000c0000000,0x00000000d136c0e0,0x00000000da100000)
 Metaspace       used 107895K, capacity 108702K, committed 110296K, reserved 1144832K
  class space    used 14910K, capacity 15057K, committed 15320K, reserved 1048576K
Event: 10831.084 GC heap after
Heap after GC invocations=485 (full 10):
 PSYoungGen      total 62464K, used 96K [0x00000000eab00000, 0x00000000f2800000, 0x0000000100000000)
  eden space 61952K, 0% used [0x00000000eab00000,0x00000000eab00000,0x00000000ee780000)
  from space 512K, 18% used [0x00000000f2700000,0x00000000f2718000,0x00000000f2780000)
  to   space 512K, 0% used [0x00000000f2780000,0x00000000f2780000,0x00000000f2800000)
 ParOldGen       total 427008K, used 282048K [0x00000000c0000000, 0x00000000da100000, 0x00000000eab00000)
  object space 427008K, 66% used [0x00000000c0000000,0x00000000d13700e0,0x00000000da100000)
 Metaspace       used 107895K, capacity 108702K, committed 110296K, reserved 1144832K
  class space    used 14910K, capacity 15057K, committed 15320K, reserved 1048576K
}
Event: 10845.997 GC heap before
{Heap before GC invocations=486 (full 10):
 PSYoungGen      total 62464K, used 62048K [0x00000000eab00000, 0x00000000f2800000, 0x0000000100000000)
  eden space 61952K, 100% used [0x00000000eab00000,0x00000000ee780000,0x00000000ee780000)
  from space 512K, 18% used [0x00000000f2700000,0x00000000f2718000,0x00000000f2780000)
  to   space 512K, 0% used [0x00000000f2780000,0x00000000f2780000,0x00000000f2800000)
 ParOldGen       total 427008K, used 282048K [0x00000000c0000000, 0x00000000da100000, 0x00000000eab00000)
  object space 427008K, 66% used [0x00000000c0000000,0x00000000d13700e0,0x00000000da100000)
 Metaspace       used 107895K, capacity 108702K, committed 110296K, reserved 1144832K
  class space    used 14910K, capacity 15057K, committed 15320K, reserved 1048576K
Event: 10846.002 GC heap after
Heap after GC invocations=486 (full 10):
 PSYoungGen      total 61952K, used 96K [0x00000000eab00000, 0x00000000f2800000, 0x0000000100000000)
  eden space 61440K, 0% used [0x00000000eab00000,0x00000000eab00000,0x00000000ee700000)
  from space 512K, 18% used [0x00000000f2780000,0x00000000f2798000,0x00000000f2800000)
  to   space 512K, 0% used [0x00000000f2700000,0x00000000f2700000,0x00000000f2780000)
 ParOldGen       total 427008K, used 282064K [0x00000000c0000000, 0x00000000da100000, 0x00000000eab00000)
  object space 427008K, 66% used [0x00000000c0000000,0x00000000d13740e0,0x00000000da100000)
 Metaspace       used 107895K, capacity 108702K, committed 110296K, reserved 1144832K
  class space    used 14910K, capacity 15057K, committed 15320K, reserved 1048576K
}
Event: 10861.229 GC heap before
{Heap before GC invocations=487 (full 10):
 PSYoungGen      total 61952K, used 61536K [0x00000000eab00000, 0x00000000f2800000, 0x0000000100000000)
  eden space 61440K, 100% used [0x00000000eab00000,0x00000000ee700000,0x00000000ee700000)
  from space 512K, 18% used [0x00000000f2780000,0x00000000f2798000,0x00000000f2800000)
  to   space 512K, 0% used [0x00000000f2700000,0x00000000f2700000,0x00000000f2780000)
 ParOldGen       total 427008K, used 282064K [0x00000000c0000000, 0x00000000da100000, 0x00000000eab00000)
  object space 427008K, 66% used [0x00000000c0000000,0x00000000d13740e0,0x00000000da100000)
 Metaspace       used 107895K, capacity 108702K, committed 110296K, reserved 1144832K
  class space    used 14910K, capacity 15057K, committed 15320K, reserved 1048576K
Event: 10861.234 GC heap after
Heap after GC invocations=487 (full 10):
 PSYoungGen      total 61440K, used 96K [0x00000000eab00000, 0x00000000f2800000, 0x0000000100000000)
  eden space 60928K, 0% used [0x00000000eab00000,0x00000000eab00000,0x00000000ee680000)
  from space 512K, 18% used [0x00000000f2700000,0x00000000f2718000,0x00000000f2780000)
  to   space 512K, 0% used [0x00000000f2780000,0x00000000f2780000,0x00000000f2800000)
 ParOldGen       total 427008K, used 282080K [0x00000000c0000000, 0x00000000da100000, 0x00000000eab00000)
  object space 427008K, 66% used [0x00000000c0000000,0x00000000d13780e0,0x00000000da100000)
 Metaspace       used 107895K, capacity 108702K, committed 110296K, reserved 1144832K
  class space    used 14910K, capacity 15057K, committed 15320K, reserved 1048576K
}
Event: 10862.986 GC heap before
{Heap before GC invocations=488 (full 10):
 PSYoungGen      total 61440K, used 7373K [0x00000000eab00000, 0x00000000f2800000, 0x0000000100000000)
  eden space 60928K, 11% used [0x00000000eab00000,0x00000000eb21b6d0,0x00000000ee680000)
  from space 512K, 18% used [0x00000000f2700000,0x00000000f2718000,0x00000000f2780000)
  to   space 512K, 0% used [0x00000000f2780000,0x00000000f2780000,0x00000000f2800000)
 ParOldGen       total 427008K, used 282080K [0x00000000c0000000, 0x00000000da100000, 0x00000000eab00000)
  object space 427008K, 66% used [0x00000000c0000000,0x00000000d13780e0,0x00000000da100000)
 Metaspace       used 107895K, capacity 108702K, committed 110296K, reserved 1144832K
  class space    used 14910K, capacity 15057K, committed 15320K, reserved 1048576K
Event: 10862.990 GC heap after
Heap after GC invocations=488 (full 10):
 PSYoungGen      total 61440K, used 96K [0x00000000eab00000, 0x00000000f2800000, 0x0000000100000000)
  eden space 60928K, 0% used [0x00000000eab00000,0x00000000eab00000,0x00000000ee680000)
  from space 512K, 18% used [0x00000000f2780000,0x00000000f2798000,0x00000000f2800000)
  to   space 512K, 0% used [0x00000000f2700000,0x00000000f2700000,0x00000000f2780000)
 ParOldGen       total 427008K, used 282096K [0x00000000c0000000, 0x00000000da100000, 0x00000000eab00000)
  object space 427008K, 66% used [0x00000000c0000000,0x00000000d137c0e0,0x00000000da100000)
 Metaspace       used 107895K, capacity 108702K, committed 110296K, reserved 1144832K
  class space    used 14910K, capacity 15057K, committed 15320K, reserved 1048576K
}
Event: 10862.990 GC heap before
{Heap before GC invocations=489 (full 11):
 PSYoungGen      total 61440K, used 96K [0x00000000eab00000, 0x00000000f2800000, 0x0000000100000000)
  eden space 60928K, 0% used [0x00000000eab00000,0x00000000eab00000,0x00000000ee680000)
  from space 512K, 18% used [0x00000000f2780000,0x00000000f2798000,0x00000000f2800000)
  to   space 512K, 0% used [0x00000000f2700000,0x00000000f2700000,0x00000000f2780000)
 ParOldGen       total 427008K, used 282096K [0x00000000c0000000, 0x00000000da100000, 0x00000000eab00000)
  object space 427008K, 66% used [0x00000000c0000000,0x00000000d137c0e0,0x00000000da100000)
 Metaspace       used 107895K, capacity 108702K, committed 110296K, reserved 1144832K
  class space    used 14910K, capacity 15057K, committed 15320K, reserved 1048576K

