# JRE version: OpenJDK Runtime Environment (8.0_252-b09) (build 1.8.0_252-8u252-b09-1~18.04-b09)
# Java VM: OpenJDK 64-Bit Server VM (25.252-b09 mixed mode linux-amd64 compressed oops)
Heap:
 PSYoungGen      total 272896K, used 219566K [0x00000000eab00000, 0x0000000100000000, 0x0000000100000000)
  eden space 196608K, 100% used [0x00000000eab00000,0x00000000f6b00000,0x00000000f6b00000)
  from space 76288K, 30% used [0x00000000f6b00000,0x00000000f816bb08,0x00000000fb580000)
  to   space 76288K, 12% used [0x00000000fb580000,0x00000000fbe80fd8,0x0000000100000000)
 ParOldGen       total 398848K, used 255787K [0x00000000c0000000, 0x00000000d8580000, 0x00000000eab00000)
  object space 398848K, 64% used [0x00000000c0000000,0x00000000cf9cae28,0x00000000d8580000)
 Metaspace       used 55565K, capacity 55892K, committed 56280K, reserved 1097728K
  class space    used 7751K, capacity 7879K, committed 7896K, reserved 1048576K
GC Heap History (10 events):
Event: 9.742 GC heap after
Heap after GC invocations=11 (full 2):
 PSYoungGen      total 319488K, used 29690K [0x00000000eab00000, 0x0000000100000000, 0x0000000100000000)
  eden space 289792K, 0% used [0x00000000eab00000,0x00000000eab00000,0x00000000fc600000)
  from space 29696K, 99% used [0x00000000fc600000,0x00000000fe2feb20,0x00000000fe300000)
  to   space 29696K, 0% used [0x00000000fe300000,0x00000000fe300000,0x0000000100000000)
 ParOldGen       total 110592K, used 110483K [0x00000000c0000000, 0x00000000c6c00000, 0x00000000eab00000)
  object space 110592K, 99% used [0x00000000c0000000,0x00000000c6be4d20,0x00000000c6c00000)
 Metaspace       used 39212K, capacity 39504K, committed 39896K, reserved 1083392K
  class space    used 5649K, capacity 5726K, committed 5848K, reserved 1048576K
}
Event: 9.742 GC heap before
{Heap before GC invocations=12 (full 3):
 PSYoungGen      total 319488K, used 29690K [0x00000000eab00000, 0x0000000100000000, 0x0000000100000000)
  eden space 289792K, 0% used [0x00000000eab00000,0x00000000eab00000,0x00000000fc600000)
  from space 29696K, 99% used [0x00000000fc600000,0x00000000fe2feb20,0x00000000fe300000)
  to   space 29696K, 0% used [0x00000000fe300000,0x00000000fe300000,0x0000000100000000)
 ParOldGen       total 110592K, used 110483K [0x00000000c0000000, 0x00000000c6c00000, 0x00000000eab00000)
  object space 110592K, 99% used [0x00000000c0000000,0x00000000c6be4d20,0x00000000c6c00000)
 Metaspace       used 39212K, capacity 39504K, committed 39896K, reserved 1083392K
  class space    used 5649K, capacity 5726K, committed 5848K, reserved 1048576K
Event: 10.050 GC heap after
Heap after GC invocations=12 (full 3):
 PSYoungGen      total 319488K, used 12373K [0x00000000eab00000, 0x0000000100000000, 0x0000000100000000)
  eden space 289792K, 0% used [0x00000000eab00000,0x00000000eab00000,0x00000000fc600000)
  from space 29696K, 41% used [0x00000000fc600000,0x00000000fd215598,0x00000000fe300000)
  to   space 29696K, 0% used [0x00000000fe300000,0x00000000fe300000,0x0000000100000000)
 ParOldGen       total 232960K, used 110556K [0x00000000c0000000, 0x00000000ce380000, 0x00000000eab00000)
  object space 232960K, 47% used [0x00000000c0000000,0x00000000c6bf7010,0x00000000ce380000)
 Metaspace       used 39212K, capacity 39504K, committed 39896K, reserved 1083392K
  class space    used 5649K, capacity 5726K, committed 5848K, reserved 1048576K
}
Event: 11.463 GC heap before
{Heap before GC invocations=13 (full 3):
 PSYoungGen      total 319488K, used 302165K [0x00000000eab00000, 0x0000000100000000, 0x0000000100000000)
  eden space 289792K, 100% used [0x00000000eab00000,0x00000000fc600000,0x00000000fc600000)
  from space 29696K, 41% used [0x00000000fc600000,0x00000000fd215598,0x00000000fe300000)
  to   space 29696K, 0% used [0x00000000fe300000,0x00000000fe300000,0x0000000100000000)
 ParOldGen       total 232960K, used 110556K [0x00000000c0000000, 0x00000000ce380000, 0x00000000eab00000)
  object space 232960K, 47% used [0x00000000c0000000,0x00000000c6bf7010,0x00000000ce380000)
 Metaspace       used 39958K, capacity 40214K, committed 40536K, reserved 1083392K
  class space    used 5766K, capacity 5855K, committed 5976K, reserved 1048576K
Event: 11.548 GC heap after
Heap after GC invocations=13 (full 3):
 PSYoungGen      total 226304K, used 29669K [0x00000000eab00000, 0x0000000100000000, 0x0000000100000000)
  eden space 196608K, 0% used [0x00000000eab00000,0x00000000eab00000,0x00000000f6b00000)
  from space 29696K, 99% used [0x00000000fe300000,0x00000000ffff97a8,0x0000000100000000)
  to   space 76288K, 0% used [0x00000000f6b00000,0x00000000f6b00000,0x00000000fb580000)
 ParOldGen       total 232960K, used 158411K [0x00000000c0000000, 0x00000000ce380000, 0x00000000eab00000)
  object space 232960K, 67% used [0x00000000c0000000,0x00000000c9ab2c48,0x00000000ce380000)
 Metaspace       used 39958K, capacity 40214K, committed 40536K, reserved 1083392K
  class space    used 5766K, capacity 5855K, committed 5976K, reserved 1048576K
}
Event: 12.524 GC heap before
{Heap before GC invocations=14 (full 3):
 PSYoungGen      total 226304K, used 226277K [0x00000000eab00000, 0x0000000100000000, 0x0000000100000000)
  eden space 196608K, 100% used [0x00000000eab00000,0x00000000f6b00000,0x00000000f6b00000)
  from space 29696K, 99% used [0x00000000fe300000,0x00000000ffff97a8,0x0000000100000000)
  to   space 76288K, 0% used [0x00000000f6b00000,0x00000000f6b00000,0x00000000fb580000)
 ParOldGen       total 232960K, used 158411K [0x00000000c0000000, 0x00000000ce380000, 0x00000000eab00000)
  object space 232960K, 67% used [0x00000000c0000000,0x00000000c9ab2c48,0x00000000ce380000)
 Metaspace       used 45195K, capacity 45498K, committed 46040K, reserved 1089536K
  class space    used 6419K, capacity 6527K, committed 6616K, reserved 1048576K
Event: 12.713 GC heap after
Heap after GC invocations=14 (full 3):
 PSYoungGen      total 272896K, used 76272K [0x00000000eab00000, 0x0000000100000000, 0x0000000100000000)
  eden space 196608K, 0% used [0x00000000eab00000,0x00000000eab00000,0x00000000f6b00000)
  from space 76288K, 99% used [0x00000000f6b00000,0x00000000fb57c2a8,0x00000000fb580000)
  to   space 76288K, 0% used [0x00000000fb580000,0x00000000fb580000,0x0000000100000000)
 ParOldGen       total 232960K, used 201782K [0x00000000c0000000, 0x00000000ce380000, 0x00000000eab00000)
  object space 232960K, 86% used [0x00000000c0000000,0x00000000cc50dad8,0x00000000ce380000)
 Metaspace       used 45195K, capacity 45498K, committed 46040K, reserved 1089536K
  class space    used 6419K, capacity 6527K, committed 6616K, reserved 1048576K
}
Event: 12.713 GC heap before
{Heap before GC invocations=15 (full 4):
 PSYoungGen      total 272896K, used 76272K [0x00000000eab00000, 0x0000000100000000, 0x0000000100000000)
  eden space 196608K, 0% used [0x00000000eab00000,0x00000000eab00000,0x00000000f6b00000)
  from space 76288K, 99% used [0x00000000f6b00000,0x00000000fb57c2a8,0x00000000fb580000)
  to   space 76288K, 0% used [0x00000000fb580000,0x00000000fb580000,0x0000000100000000)
 ParOldGen       total 232960K, used 201782K [0x00000000c0000000, 0x00000000ce380000, 0x00000000eab00000)
  object space 232960K, 86% used [0x00000000c0000000,0x00000000cc50dad8,0x00000000ce380000)
 Metaspace       used 45195K, capacity 45498K, committed 46040K, reserved 1089536K
  class space    used 6419K, capacity 6527K, committed 6616K, reserved 1048576K
Event: 13.386 GC heap after
Heap after GC invocations=15 (full 4):
 PSYoungGen      total 272896K, used 22958K [0x00000000eab00000, 0x0000000100000000, 0x0000000100000000)
  eden space 196608K, 0% used [0x00000000eab00000,0x00000000eab00000,0x00000000f6b00000)
  from space 76288K, 30% used [0x00000000f6b00000,0x00000000f816bb08,0x00000000fb580000)
  to   space 76288K, 0% used [0x00000000fb580000,0x00000000fb580000,0x0000000100000000)
 ParOldGen       total 398848K, used 232899K [0x00000000c0000000, 0x00000000d8580000, 0x00000000eab00000)
  object space 398848K, 58% used [0x00000000c0000000,0x00000000ce370d38,0x00000000d8580000)
 Metaspace       used 45195K, capacity 45498K, committed 46040K, reserved 1089536K
  class space    used 6419K, capacity 6527K, committed 6616K, reserved 1048576K
}
Event: 16.974 GC heap before
{Heap before GC invocations=16 (full 4):
 PSYoungGen      total 272896K, used 219566K [0x00000000eab00000, 0x0000000100000000, 0x0000000100000000)
  eden space 196608K, 100% used [0x00000000eab00000,0x00000000f6b00000,0x00000000f6b00000)
  from space 76288K, 30% used [0x00000000f6b00000,0x00000000f816bb08,0x00000000fb580000)
  to   space 76288K, 0% used [0x00000000fb580000,0x00000000fb580000,0x0000000100000000)
 ParOldGen       total 398848K, used 232899K [0x00000000c0000000, 0x00000000d8580000, 0x00000000eab00000)
  object space 398848K, 58% used [0x00000000c0000000,0x00000000ce370d38,0x00000000d8580000)
 Metaspace       used 55565K, capacity 55892K, committed 56280K, reserved 1097728K
  class space    used 7751K, capacity 7879K, committed 7896K, reserved 1048576K

