# JRE version: OpenJDK Runtime Environment (8.0_252-b09) (build 1.8.0_252-8u252-b09-1~18.04-b09)
# Java VM: OpenJDK 64-Bit Server VM (25.252-b09 mixed mode linux-amd64 compressed oops)
Heap:
 PSYoungGen      total 254976K, used 173178K [0x00000000eab00000, 0x0000000100000000, 0x0000000100000000)
  eden space 157184K, 100% used [0x00000000eab00000,0x00000000f4480000,0x00000000f4480000)
  from space 97792K, 16% used [0x00000000fa080000,0x00000000fb01ea20,0x0000000100000000)
  to   space 94208K, 8% used [0x00000000f4480000,0x00000000f4cbb270,0x00000000fa080000)
 ParOldGen       total 379904K, used 260604K [0x00000000c0000000, 0x00000000d7300000, 0x00000000eab00000)
  object space 379904K, 68% used [0x00000000c0000000,0x00000000cfe7f2e8,0x00000000d7300000)
 Metaspace       used 57870K, capacity 58174K, committed 58496K, reserved 1099776K
  class space    used 7925K, capacity 8040K, committed 8064K, reserved 1048576K
GC Heap History (10 events):
Event: 11.624 GC heap after
Heap after GC invocations=14 (full 3):
 PSYoungGen      total 282624K, used 44005K [0x00000000eab00000, 0x0000000100000000, 0x0000000100000000)
  eden space 238592K, 0% used [0x00000000eab00000,0x00000000eab00000,0x00000000f9400000)
  from space 44032K, 99% used [0x00000000f9400000,0x00000000fbef95c8,0x00000000fbf00000)
  to   space 63488K, 0% used [0x00000000fc200000,0x00000000fc200000,0x0000000100000000)
 ParOldGen       total 209408K, used 119287K [0x00000000c0000000, 0x00000000ccc80000, 0x00000000eab00000)
  object space 209408K, 56% used [0x00000000c0000000,0x00000000c747dc58,0x00000000ccc80000)
 Metaspace       used 39242K, capacity 39508K, committed 39808K, reserved 1083392K
  class space    used 5648K, capacity 5726K, committed 5760K, reserved 1048576K
}
Event: 13.151 GC heap before
{Heap before GC invocations=15 (full 3):
 PSYoungGen      total 282624K, used 282597K [0x00000000eab00000, 0x0000000100000000, 0x0000000100000000)
  eden space 238592K, 100% used [0x00000000eab00000,0x00000000f9400000,0x00000000f9400000)
  from space 44032K, 99% used [0x00000000f9400000,0x00000000fbef95c8,0x00000000fbf00000)
  to   space 63488K, 0% used [0x00000000fc200000,0x00000000fc200000,0x0000000100000000)
 ParOldGen       total 209408K, used 119287K [0x00000000c0000000, 0x00000000ccc80000, 0x00000000eab00000)
  object space 209408K, 56% used [0x00000000c0000000,0x00000000c747dc58,0x00000000ccc80000)
 Metaspace       used 41815K, capacity 42170K, committed 42624K, reserved 1085440K
  class space    used 6097K, capacity 6207K, committed 6272K, reserved 1048576K
Event: 13.381 GC heap after
Heap after GC invocations=15 (full 3):
 PSYoungGen      total 220160K, used 63459K [0x00000000eab00000, 0x0000000100000000, 0x0000000100000000)
  eden space 156672K, 0% used [0x00000000eab00000,0x00000000eab00000,0x00000000f4400000)
  from space 63488K, 99% used [0x00000000fc200000,0x00000000ffff8ee8,0x0000000100000000)
  to   space 96256K, 0% used [0x00000000f4400000,0x00000000f4400000,0x00000000fa200000)
 ParOldGen       total 209408K, used 177276K [0x00000000c0000000, 0x00000000ccc80000, 0x00000000eab00000)
  object space 209408K, 84% used [0x00000000c0000000,0x00000000cad1f3b0,0x00000000ccc80000)
 Metaspace       used 41815K, capacity 42170K, committed 42624K, reserved 1085440K
  class space    used 6097K, capacity 6207K, committed 6272K, reserved 1048576K
}
Event: 13.381 GC heap before
{Heap before GC invocations=16 (full 4):
 PSYoungGen      total 220160K, used 63459K [0x00000000eab00000, 0x0000000100000000, 0x0000000100000000)
  eden space 156672K, 0% used [0x00000000eab00000,0x00000000eab00000,0x00000000f4400000)
  from space 63488K, 99% used [0x00000000fc200000,0x00000000ffff8ee8,0x0000000100000000)
  to   space 96256K, 0% used [0x00000000f4400000,0x00000000f4400000,0x00000000fa200000)
 ParOldGen       total 209408K, used 177276K [0x00000000c0000000, 0x00000000ccc80000, 0x00000000eab00000)
  object space 209408K, 84% used [0x00000000c0000000,0x00000000cad1f3b0,0x00000000ccc80000)
 Metaspace       used 41815K, capacity 42170K, committed 42624K, reserved 1085440K
  class space    used 6097K, capacity 6207K, committed 6272K, reserved 1048576K
Event: 13.937 GC heap after
Heap after GC invocations=16 (full 4):
 PSYoungGen      total 220160K, used 8659K [0x00000000eab00000, 0x0000000100000000, 0x0000000100000000)
  eden space 156672K, 0% used [0x00000000eab00000,0x00000000eab00000,0x00000000f4400000)
  from space 63488K, 13% used [0x00000000fc200000,0x00000000fca74f50,0x0000000100000000)
  to   space 96256K, 0% used [0x00000000f4400000,0x00000000f4400000,0x00000000fa200000)
 ParOldGen       total 379904K, used 209088K [0x00000000c0000000, 0x00000000d7300000, 0x00000000eab00000)
  object space 379904K, 55% used [0x00000000c0000000,0x00000000ccc300b0,0x00000000d7300000)
 Metaspace       used 41815K, capacity 42170K, committed 42624K, reserved 1085440K
  class space    used 6097K, capacity 6207K, committed 6272K, reserved 1048576K
}
Event: 15.728 GC heap before
{Heap before GC invocations=17 (full 4):
 PSYoungGen      total 220160K, used 165331K [0x00000000eab00000, 0x0000000100000000, 0x0000000100000000)
  eden space 156672K, 100% used [0x00000000eab00000,0x00000000f4400000,0x00000000f4400000)
  from space 63488K, 13% used [0x00000000fc200000,0x00000000fca74f50,0x0000000100000000)
  to   space 96256K, 0% used [0x00000000f4400000,0x00000000f4400000,0x00000000fa200000)
 ParOldGen       total 379904K, used 209088K [0x00000000c0000000, 0x00000000d7300000, 0x00000000eab00000)
  object space 379904K, 55% used [0x00000000c0000000,0x00000000ccc300b0,0x00000000d7300000)
 Metaspace       used 51756K, capacity 52064K, committed 52608K, reserved 1093632K
  class space    used 7361K, capacity 7455K, committed 7552K, reserved 1048576K
Event: 15.812 GC heap after
Heap after GC invocations=17 (full 4):
 PSYoungGen      total 208896K, used 52201K [0x00000000eab00000, 0x0000000100000000, 0x0000000100000000)
  eden space 156672K, 0% used [0x00000000eab00000,0x00000000eab00000,0x00000000f4400000)
  from space 52224K, 99% used [0x00000000f4400000,0x00000000f76fa640,0x00000000f7700000)
  to   space 97792K, 0% used [0x00000000fa080000,0x00000000fa080000,0x0000000100000000)
 ParOldGen       total 379904K, used 217828K [0x00000000c0000000, 0x00000000d7300000, 0x00000000eab00000)
  object space 379904K, 57% used [0x00000000c0000000,0x00000000cd4b90c0,0x00000000d7300000)
 Metaspace       used 51756K, capacity 52064K, committed 52608K, reserved 1093632K
  class space    used 7361K, capacity 7455K, committed 7552K, reserved 1048576K
}
Event: 19.320 GC heap before
{Heap before GC invocations=18 (full 4):
 PSYoungGen      total 208896K, used 208873K [0x00000000eab00000, 0x0000000100000000, 0x0000000100000000)
  eden space 156672K, 100% used [0x00000000eab00000,0x00000000f4400000,0x00000000f4400000)
  from space 52224K, 99% used [0x00000000f4400000,0x00000000f76fa640,0x00000000f7700000)
  to   space 97792K, 0% used [0x00000000fa080000,0x00000000fa080000,0x0000000100000000)
 ParOldGen       total 379904K, used 217828K [0x00000000c0000000, 0x00000000d7300000, 0x00000000eab00000)
  object space 379904K, 57% used [0x00000000c0000000,0x00000000cd4b90c0,0x00000000d7300000)
 Metaspace       used 56109K, capacity 56472K, committed 56832K, reserved 1097728K
  class space    used 7758K, capacity 7879K, committed 7936K, reserved 1048576K
Event: 19.464 GC heap after
Heap after GC invocations=18 (full 4):
 PSYoungGen      total 254976K, used 15994K [0x00000000eab00000, 0x0000000100000000, 0x0000000100000000)
  eden space 157184K, 0% used [0x00000000eab00000,0x00000000eab00000,0x00000000f4480000)
  from space 97792K, 16% used [0x00000000fa080000,0x00000000fb01ea20,0x0000000100000000)
  to   space 94208K, 0% used [0x00000000f4480000,0x00000000f4480000,0x00000000fa080000)
 ParOldGen       total 379904K, used 260604K [0x00000000c0000000, 0x00000000d7300000, 0x00000000eab00000)
  object space 379904K, 68% used [0x00000000c0000000,0x00000000cfe7f2e8,0x00000000d7300000)
 Metaspace       used 56109K, capacity 56472K, committed 56832K, reserved 1097728K
  class space    used 7758K, capacity 7879K, committed 7936K, reserved 1048576K
}
Event: 32.624 GC heap before
{Heap before GC invocations=19 (full 4):
 PSYoungGen      total 254976K, used 173178K [0x00000000eab00000, 0x0000000100000000, 0x0000000100000000)
  eden space 157184K, 100% used [0x00000000eab00000,0x00000000f4480000,0x00000000f4480000)
  from space 97792K, 16% used [0x00000000fa080000,0x00000000fb01ea20,0x0000000100000000)
  to   space 94208K, 0% used [0x00000000f4480000,0x00000000f4480000,0x00000000fa080000)
 ParOldGen       total 379904K, used 260604K [0x00000000c0000000, 0x00000000d7300000, 0x00000000eab00000)
  object space 379904K, 68% used [0x00000000c0000000,0x00000000cfe7f2e8,0x00000000d7300000)
 Metaspace       used 57870K, capacity 58174K, committed 58496K, reserved 1099776K
  class space    used 7925K, capacity 8040K, committed 8064K, reserved 1048576K

