# JRE version: OpenJDK Runtime Environment (8.0_252-b09) (build 1.8.0_252-8u252-b09-1~18.04-b09)
# Java VM: OpenJDK 64-Bit Server VM (25.252-b09 mixed mode linux-amd64 compressed oops)
Heap:
 PSYoungGen      total 177152K, used 6521K [0x00000000eab00000, 0x00000000f6900000, 0x0000000100000000)
  eden space 159232K, 0% used [0x00000000eab00000,0x00000000eab00000,0x00000000f4680000)
  from space 17920K, 36% used [0x00000000f4680000,0x00000000f4cde530,0x00000000f5800000)
  to   space 17408K, 0% used [0x00000000f5800000,0x00000000f5800000,0x00000000f6900000)
 ParOldGen       total 471552K, used 335314K [0x00000000c0000000, 0x00000000dcc80000, 0x00000000eab00000)
  object space 471552K, 71% used [0x00000000c0000000,0x00000000d4774928,0x00000000dcc80000)
 Metaspace       used 108265K, capacity 109432K, committed 109656K, reserved 1142784K
  class space    used 15133K, capacity 15361K, committed 15448K, reserved 1048576K
GC Heap History (10 events):
Event: 2071.628 GC heap after
Heap after GC invocations=96 (full 5):
 PSYoungGen      total 163840K, used 6557K [0x00000000eab00000, 0x00000000f6e00000, 0x0000000100000000)
  eden space 157184K, 0% used [0x00000000eab00000,0x00000000eab00000,0x00000000f4480000)
  from space 6656K, 98% used [0x00000000f4480000,0x00000000f4ae74d0,0x00000000f4b00000)
  to   space 20992K, 0% used [0x00000000f5980000,0x00000000f5980000,0x00000000f6e00000)
 ParOldGen       total 471552K, used 333268K [0x00000000c0000000, 0x00000000dcc80000, 0x00000000eab00000)
  object space 471552K, 70% used [0x00000000c0000000,0x00000000d45750f8,0x00000000dcc80000)
 Metaspace       used 105603K, capacity 106576K, committed 106712K, reserved 1140736K
  class space    used 14714K, capacity 14949K, committed 15064K, reserved 1048576K
}
Event: 2096.448 GC heap before
{Heap before GC invocations=97 (full 5):
 PSYoungGen      total 163840K, used 163741K [0x00000000eab00000, 0x00000000f6e00000, 0x0000000100000000)
  eden space 157184K, 100% used [0x00000000eab00000,0x00000000f4480000,0x00000000f4480000)
  from space 6656K, 98% used [0x00000000f4480000,0x00000000f4ae74d0,0x00000000f4b00000)
  to   space 20992K, 0% used [0x00000000f5980000,0x00000000f5980000,0x00000000f6e00000)
 ParOldGen       total 471552K, used 333268K [0x00000000c0000000, 0x00000000dcc80000, 0x00000000eab00000)
  object space 471552K, 70% used [0x00000000c0000000,0x00000000d45750f8,0x00000000dcc80000)
 Metaspace       used 105727K, capacity 106704K, committed 106968K, reserved 1140736K
  class space    used 14730K, capacity 14949K, committed 15064K, reserved 1048576K
Event: 2096.488 GC heap after
Heap after GC invocations=97 (full 5):
 PSYoungGen      total 176640K, used 6528K [0x00000000eab00000, 0x00000000f6c00000, 0x0000000100000000)
  eden space 157696K, 0% used [0x00000000eab00000,0x00000000eab00000,0x00000000f4500000)
  from space 18944K, 34% used [0x00000000f5980000,0x00000000f5fe00b0,0x00000000f6c00000)
  to   space 19968K, 0% used [0x00000000f4500000,0x00000000f4500000,0x00000000f5880000)
 ParOldGen       total 471552K, used 333572K [0x00000000c0000000, 0x00000000dcc80000, 0x00000000eab00000)
  object space 471552K, 70% used [0x00000000c0000000,0x00000000d45c10a8,0x00000000dcc80000)
 Metaspace       used 105727K, capacity 106704K, committed 106968K, reserved 1140736K
  class space    used 14730K, capacity 14949K, committed 15064K, reserved 1048576K
}
Event: 2108.130 GC heap before
{Heap before GC invocations=98 (full 5):
 PSYoungGen      total 176640K, used 164197K [0x00000000eab00000, 0x00000000f6c00000, 0x0000000100000000)
  eden space 157696K, 99% used [0x00000000eab00000,0x00000000f44f96c0,0x00000000f4500000)
  from space 18944K, 34% used [0x00000000f5980000,0x00000000f5fe00b0,0x00000000f6c00000)
  to   space 19968K, 0% used [0x00000000f4500000,0x00000000f4500000,0x00000000f5880000)
 ParOldGen       total 471552K, used 333572K [0x00000000c0000000, 0x00000000dcc80000, 0x00000000eab00000)
  object space 471552K, 70% used [0x00000000c0000000,0x00000000d45c10a8,0x00000000dcc80000)
 Metaspace       used 106782K, capacity 107810K, committed 107864K, reserved 1142784K
  class space    used 14918K, capacity 15147K, committed 15192K, reserved 1048576K
Event: 2108.144 GC heap after
Heap after GC invocations=98 (full 5):
 PSYoungGen      total 165888K, used 8052K [0x00000000eab00000, 0x00000000f6a80000, 0x0000000100000000)
  eden space 157696K, 0% used [0x00000000eab00000,0x00000000eab00000,0x00000000f4500000)
  from space 8192K, 98% used [0x00000000f4500000,0x00000000f4cdd0f0,0x00000000f4d00000)
  to   space 18944K, 0% used [0x00000000f5800000,0x00000000f5800000,0x00000000f6a80000)
 ParOldGen       total 471552K, used 334180K [0x00000000c0000000, 0x00000000dcc80000, 0x00000000eab00000)
  object space 471552K, 70% used [0x00000000c0000000,0x00000000d4659118,0x00000000dcc80000)
 Metaspace       used 106782K, capacity 107810K, committed 107864K, reserved 1142784K
  class space    used 14918K, capacity 15147K, committed 15192K, reserved 1048576K
}
Event: 2109.726 GC heap before
{Heap before GC invocations=99 (full 5):
 PSYoungGen      total 165888K, used 165333K [0x00000000eab00000, 0x00000000f6a80000, 0x0000000100000000)
  eden space 157696K, 99% used [0x00000000eab00000,0x00000000f4498438,0x00000000f4500000)
  from space 8192K, 98% used [0x00000000f4500000,0x00000000f4cdd0f0,0x00000000f4d00000)
  to   space 18944K, 0% used [0x00000000f5800000,0x00000000f5800000,0x00000000f6a80000)
 ParOldGen       total 471552K, used 334180K [0x00000000c0000000, 0x00000000dcc80000, 0x00000000eab00000)
  object space 471552K, 70% used [0x00000000c0000000,0x00000000d4659118,0x00000000dcc80000)
 Metaspace       used 108122K, capacity 109304K, committed 109400K, reserved 1142784K
  class space    used 15130K, capacity 15361K, committed 15448K, reserved 1048576K
Event: 2109.744 GC heap after
Heap after GC invocations=99 (full 5):
 PSYoungGen      total 177664K, used 8351K [0x00000000eab00000, 0x00000000f6a00000, 0x0000000100000000)
  eden space 159232K, 0% used [0x00000000eab00000,0x00000000eab00000,0x00000000f4680000)
  from space 18432K, 45% used [0x00000000f5800000,0x00000000f6027e48,0x00000000f6a00000)
  to   space 17920K, 0% used [0x00000000f4680000,0x00000000f4680000,0x00000000f5800000)
 ParOldGen       total 471552K, used 334698K [0x00000000c0000000, 0x00000000dcc80000, 0x00000000eab00000)
  object space 471552K, 70% used [0x00000000c0000000,0x00000000d46da928,0x00000000dcc80000)
 Metaspace       used 108122K, capacity 109304K, committed 109400K, reserved 1142784K
  class space    used 15130K, capacity 15361K, committed 15448K, reserved 1048576K
}
Event: 2113.631 GC heap before
{Heap before GC invocations=100 (full 5):
 PSYoungGen      total 177664K, used 96151K [0x00000000eab00000, 0x00000000f6a00000, 0x0000000100000000)
  eden space 159232K, 55% used [0x00000000eab00000,0x00000000f00bdef8,0x00000000f4680000)
  from space 18432K, 45% used [0x00000000f5800000,0x00000000f6027e48,0x00000000f6a00000)
  to   space 17920K, 0% used [0x00000000f4680000,0x00000000f4680000,0x00000000f5800000)
 ParOldGen       total 471552K, used 334698K [0x00000000c0000000, 0x00000000dcc80000, 0x00000000eab00000)
  object space 471552K, 70% used [0x00000000c0000000,0x00000000d46da928,0x00000000dcc80000)
 Metaspace       used 108265K, capacity 109432K, committed 109656K, reserved 1142784K
  class space    used 15133K, capacity 15361K, committed 15448K, reserved 1048576K
Event: 2113.643 GC heap after
Heap after GC invocations=100 (full 5):
 PSYoungGen      total 177152K, used 6521K [0x00000000eab00000, 0x00000000f6900000, 0x0000000100000000)
  eden space 159232K, 0% used [0x00000000eab00000,0x00000000eab00000,0x00000000f4680000)
  from space 17920K, 36% used [0x00000000f4680000,0x00000000f4cde530,0x00000000f5800000)
  to   space 17408K, 0% used [0x00000000f5800000,0x00000000f5800000,0x00000000f6900000)
 ParOldGen       total 471552K, used 335314K [0x00000000c0000000, 0x00000000dcc80000, 0x00000000eab00000)
  object space 471552K, 71% used [0x00000000c0000000,0x00000000d4774928,0x00000000dcc80000)
 Metaspace       used 108265K, capacity 109432K, committed 109656K, reserved 1142784K
  class space    used 15133K, capacity 15361K, committed 15448K, reserved 1048576K
}
Event: 2113.643 GC heap before
{Heap before GC invocations=101 (full 6):
 PSYoungGen      total 177152K, used 6521K [0x00000000eab00000, 0x00000000f6900000, 0x0000000100000000)
  eden space 159232K, 0% used [0x00000000eab00000,0x00000000eab00000,0x00000000f4680000)
  from space 17920K, 36% used [0x00000000f4680000,0x00000000f4cde530,0x00000000f5800000)
  to   space 17408K, 0% used [0x00000000f5800000,0x00000000f5800000,0x00000000f6900000)
 ParOldGen       total 471552K, used 335314K [0x00000000c0000000, 0x00000000dcc80000, 0x00000000eab00000)
  object space 471552K, 71% used [0x00000000c0000000,0x00000000d4774928,0x00000000dcc80000)
 Metaspace       used 108265K, capacity 109432K, committed 109656K, reserved 1142784K
  class space    used 15133K, capacity 15361K, committed 15448K, reserved 1048576K

